[2024-10-21 12:58:42 UTC] Step train_model has started.

[2024-10-21 12:58:42 UTC] By default, the PandasMaterializer stores data as a .csv file. If you want to store data more efficiently, you can install pyarrow by running 'pip install pyarrow'. This will allow PandasMaterializer to automatically store the data as a .parquet file instead.

[2024-10-21 12:58:42 UTC] C:\Users\DELL\Documents\AI engr\Ecommerce mlops\venv\Lib\site-packages\zenml\integrations\pandas\materializers\pandas_materializer.py:99: UserWarning: Could not infer format, so each element will be parsed individually, falling back to `dateutil`. To ensure parsing is consistent and as-expected, please specify a format.
  df = pd.read_csv(f, index_col=0, parse_dates=True)

[2024-10-21 12:58:42 UTC] Training model

[2024-10-21 12:58:42 UTC] Failed to run step train_model after 1 retries. Exiting.

[2024-10-21 12:58:42 UTC] Wrong step function output type for step train_model: Expected no outputs but the function returned something: trained_model.
Traceback (most recent call last):
  File "C:\Users\DELL\Documents\AI engr\Ecommerce mlops\venv\Lib\site-packages\zenml\orchestrators\step_launcher.py", line 292, in launch
    self._run_step(
  File "C:\Users\DELL\Documents\AI engr\Ecommerce mlops\venv\Lib\site-packages\zenml\orchestrators\step_launcher.py", line 499, in _run_step
    self._run_step_without_step_operator(
  File "C:\Users\DELL\Documents\AI engr\Ecommerce mlops\venv\Lib\site-packages\zenml\orchestrators\step_launcher.py", line 583, in _run_step_without_step_operator
    runner.run(
  File "C:\Users\DELL\Documents\AI engr\Ecommerce mlops\venv\Lib\site-packages\zenml\orchestrators\step_runner.py", line 239, in run
    output_data = self._validate_outputs(
                  ^^^^^^^^^^^^^^^^^^^^^^^
  File "C:\Users\DELL\Documents\AI engr\Ecommerce mlops\venv\Lib\site-packages\zenml\orchestrators\step_runner.py", line 490, in _validate_outputs
    raise StepInterfaceError(
zenml.exceptions.StepInterfaceError: Wrong step function output type for step train_model: Expected no outputs but the function returned something: trained_model.

